<?xml version="1.0" encoding="UTF-8"?>
<!-- Generated by org.testng.reporters.JUnitReportReporter -->
<testsuite hostname="DESKTOP-9UKUBFI" failures="0" tests="1" name="testCases.TC_001_AccountRegistrationTest" time="5.279" errors="0" timestamp="2024-02-13T16:36:24 IST" skipped="0">
  <testcase classname="testCases.TC_001_AccountRegistrationTest" name="verify_account_registration" time="5.279"/>
</testsuite> <!-- testCases.TC_001_AccountRegistrationTest -->
